<?xml version="1.0" encoding="UTF-8"?>
<!-- Generated by org.testng.reporters.JUnitReportReporter -->
<testsuite hostname="DESKTOP-EM2UP6U" failures="0" tests="1" name="vendorLogin.LoginIDAndForgotPassword" time="13.887" errors="0" timestamp="2024-01-20T15:40:38 IST" skipped="0">
  <testcase classname="vendorLogin.LoginIDAndForgotPassword" name="validIdvalidPassword" time="13.887"/>
  <system-out/>
</testsuite> <!-- vendorLogin.LoginIDAndForgotPassword -->
