<?xml version="1.0" encoding="UTF-8"?>
<!-- Generated by org.testng.reporters.JUnitReportReporter -->
<testsuite hostname="DESKTOP-EM2UP6U" failures="0" tests="4" name="vendorLogin.ImageGallery" time="90.755" errors="0" timestamp="2024-02-07T19:06:53 IST" skipped="0">
  <testcase classname="vendorLogin.ImageGallery" name="UploadImageGallery1" time="26.811"/>
  <system-out/>
  <testcase classname="vendorLogin.ImageGallery" name="UploadImage2" time="27.248"/>
  <system-out/>
  <testcase classname="vendorLogin.ImageGallery" name="UploadImage3" time="18.187"/>
  <system-out/>
  <testcase classname="vendorLogin.ImageGallery" name="UploadImage4" time="18.509"/>
  <system-out/>
</testsuite> <!-- vendorLogin.ImageGallery -->
