<?xml version="1.0" encoding="UTF-8"?>
<!-- Generated by org.testng.reporters.JUnitReportReporter -->
<testsuite hostname="DESKTOP-EM2UP6U" failures="0" tests="5" name="vendorLogin.Complaints" time="55.423" errors="0" timestamp="2024-02-07T19:06:53 IST" skipped="0">
  <testcase classname="vendorLogin.Complaints" name="Complaints1" time="10.192"/>
  <system-out/>
  <testcase classname="vendorLogin.Complaints" name="Complaints2" time="9.353"/>
  <system-out/>
  <testcase classname="vendorLogin.Complaints" name="Complaints3" time="11.462"/>
  <system-out/>
  <testcase classname="vendorLogin.Complaints" name="Complaints4" time="11.256"/>
  <system-out/>
  <testcase classname="vendorLogin.Complaints" name="Complaints5" time="13.160"/>
  <system-out/>
</testsuite> <!-- vendorLogin.Complaints -->
