<?xml version="1.0" encoding="UTF-8"?>
<!-- Generated by org.testng.reporters.JUnitReportReporter -->
<testsuite hostname="DESKTOP-EM2UP6U" failures="0" tests="1" name="vendorLogin.Sample" time="0.957" errors="0" timestamp="2023-12-26T18:08:41 IST" skipped="0">
  <testcase classname="vendorLogin.Sample" name="read" time="0.957"/>
</testsuite> <!-- vendorLogin.Sample -->
