<?xml version="1.0" encoding="UTF-8"?>
<!-- Generated by org.testng.reporters.JUnitReportReporter -->
<testsuite hostname="DESKTOP-EM2UP6U" failures="0" tests="1" name="vendorLogin.TestNG1" time="20.595" errors="0" timestamp="2023-12-16T13:20:26 IST" skipped="0">
  <testcase classname="vendorLogin.TestNG1" name="forgotpassword6" time="20.595"/>
</testsuite> <!-- vendorLogin.TestNG1 -->
