<?xml version="1.0" encoding="UTF-8"?>
<!-- Generated by org.testng.reporters.JUnitReportReporter -->
<testsuite hostname="DESKTOP-EM2UP6U" failures="0" tests="2" name="vendorLogin.Slots" time="14.143" errors="0" timestamp="2024-01-23T19:08:20 IST" skipped="1">
  <testcase classname="vendorLogin.Slots" name="ViewSlot5" time="14.143"/>
  <system-out/>
  <testcase classname="vendorLogin.Slots" name="ViewSlot3">
    <skipped/>
  </testcase> <!-- ViewSlot3 -->
  <system-out/>
</testsuite> <!-- vendorLogin.Slots -->
