<?xml version="1.0" encoding="UTF-8"?>
<!-- Generated by org.testng.reporters.JUnitReportReporter -->
<testsuite hostname="DESKTOP-EM2UP6U" failures="0" tests="11" name="vendorLogin.SupervisorManagement" time="211.580" errors="0" timestamp="2024-01-10T11:58:55 IST" skipped="0">
  <testcase classname="vendorLogin.SupervisorManagement" name="SupervisorManagement1" time="18.012"/>
  <system-out/>
  <testcase classname="vendorLogin.SupervisorManagement" name="SupervisorManagement2" time="19.244"/>
  <system-out/>
  <testcase classname="vendorLogin.SupervisorManagement" name="SupervisorManagement3" time="18.447"/>
  <system-out/>
  <testcase classname="vendorLogin.SupervisorManagement" name="SupervisorManagement4" time="19.002"/>
  <system-out/>
  <testcase classname="vendorLogin.SupervisorManagement" name="SupervisorManagement5" time="17.403"/>
  <system-out/>
  <testcase classname="vendorLogin.SupervisorManagement" name="SupervisorManagement6" time="18.283"/>
  <system-out/>
  <testcase classname="vendorLogin.SupervisorManagement" name="SupervisorManagement7" time="18.222"/>
  <system-out/>
  <testcase classname="vendorLogin.SupervisorManagement" name="SupervisorManagement8" time="17.557"/>
  <system-out/>
  <testcase classname="vendorLogin.SupervisorManagement" name="SupervisorManagement9" time="19.447"/>
  <system-out/>
  <testcase classname="vendorLogin.SupervisorManagement" name="SupervisorManagement10" time="24.038"/>
  <system-out/>
  <testcase classname="vendorLogin.SupervisorManagement" name="SupervisorManagement11" time="21.925"/>
  <system-out/>
</testsuite> <!-- vendorLogin.SupervisorManagement -->
