<?xml version="1.0" encoding="UTF-8"?>
<!-- Generated by org.testng.reporters.JUnitReportReporter -->
<testsuite hostname="DESKTOP-EM2UP6U" failures="0" tests="1" name="vendorLogin.Bookings" time="22.422" errors="0" timestamp="2024-02-08T16:00:52 IST" skipped="0">
  <testcase classname="vendorLogin.Bookings" name="ViewBookings4" time="22.422"/>
  <system-out/>
</testsuite> <!-- vendorLogin.Bookings -->
